The target system is: Windows -  - x86_64
The host system is: Linux - 5.15.0-33-generic - x86_64
Compiling the CXX compiler identification source file "CMakeCXXCompilerId.cpp" succeeded.
Compiler: /usr/sbin/x86_64-w64-mingw32-g++ 
Build flags: -D_FORTIFY_SOURCE=2;-O2;-pipe;-fno-plt;-fexceptions;--param=ssp-buffer-size=4;
Id flags:  

The output was:
0


Compilation of the CXX compiler identification source "CMakeCXXCompilerId.cpp" produced "a.exe"

The CXX compiler identification is GNU, found in "/home/user/mingwdocker/bind/rain-timer/winbuild/CMakeFiles/3.19.4/CompilerIdCXX/a.exe"

Detecting CXX compiler ABI info compiled with the following output:
Change Dir: /home/user/mingwdocker/bind/rain-timer/winbuild/CMakeFiles/CMakeTmp

Run Build Command(s):/usr/sbin/make cmTC_1c512/fast && /usr/sbin/make  -f CMakeFiles/cmTC_1c512.dir/build.make CMakeFiles/cmTC_1c512.dir/build
make[1]: Entering directory '/home/user/mingwdocker/bind/rain-timer/winbuild/CMakeFiles/CMakeTmp'
Building CXX object CMakeFiles/cmTC_1c512.dir/CMakeCXXCompilerABI.cpp.obj
/usr/sbin/x86_64-w64-mingw32-g++   -D_FORTIFY_SOURCE=2  -D_FORTIFY_SOURCE=2 -O2 -pipe -fno-plt -fexceptions --param=ssp-buffer-size=4    -v -o CMakeFiles/cmTC_1c512.dir/CMakeCXXCompilerABI.cpp.obj -c /usr/share/cmake-3.19/Modules/CMakeCXXCompilerABI.cpp
Using built-in specs.
COLLECT_GCC=/usr/sbin/x86_64-w64-mingw32-g++
Target: x86_64-w64-mingw32
Configured with: /build/mingw-w64-gcc/src/gcc/configure --prefix=/usr --libexecdir=/usr/lib --target=x86_64-w64-mingw32 --with-bugurl=https://bugs.archlinux.org/ --enable-languages=c,lto,c++,ada,objc,obj-c++,fortran --enable-shared --enable-static --enable-threads=posix --enable-fully-dynamic-string --enable-libstdcxx-time=yes --enable-libstdcxx-filesystem-ts=yes --with-system-zlib --enable-cloog-backend=isl --enable-lto --enable-libgomp --disable-multilib --enable-checking=release --disable-sjlj-exceptions --with-dwarf2
Thread model: posix
Supported LTO compression algorithms: zlib zstd
gcc version 10.2.0 (GCC) 
COLLECT_GCC_OPTIONS='-D' '_FORTIFY_SOURCE=2' '-D' '_FORTIFY_SOURCE=2' '-O2' '-pipe' '-fno-plt' '-fexceptions' '--param=ssp-buffer-size=4' '-v' '-o' 'CMakeFiles/cmTC_1c512.dir/CMakeCXXCompilerABI.cpp.obj' '-c' '-shared-libgcc' '-mtune=generic' '-march=x86-64'
 /usr/lib/gcc/x86_64-w64-mingw32/10.2.0/cc1plus -quiet -v -D_REENTRANT -D _FORTIFY_SOURCE=2 -D _FORTIFY_SOURCE=2 /usr/share/cmake-3.19/Modules/CMakeCXXCompilerABI.cpp -quiet -dumpbase CMakeCXXCompilerABI.cpp -mtune=generic -march=x86-64 -auxbase-strip CMakeFiles/cmTC_1c512.dir/CMakeCXXCompilerABI.cpp.obj -O2 -version -fno-plt -fexceptions --param=ssp-buffer-size=4 -o - |
 /usr/lib/gcc/x86_64-w64-mingw32/10.2.0/../../../../x86_64-w64-mingw32/bin/as -v -o CMakeFiles/cmTC_1c512.dir/CMakeCXXCompilerABI.cpp.obj
GNU assembler version 2.35.1 (x86_64-w64-mingw32) using BFD version (GNU Binutils) 2.35.1
GNU C++14 (GCC) version 10.2.0 (x86_64-w64-mingw32)
	compiled by GNU C version 10.2.0, GMP version 6.2.0, MPFR version 4.1.0, MPC version 1.1.0, isl version isl-0.21-GMP

warning: GMP header version 6.2.0 differs from library version 6.2.1.
warning: MPC header version 1.1.0 differs from library version 1.2.1.
GGC heuristics: --param ggc-min-expand=100 --param ggc-min-heapsize=131072
ignoring nonexistent directory "/usr/lib/gcc/x86_64-w64-mingw32/10.2.0/../../../../x86_64-w64-mingw32/sys-include"
#include "..." search starts here:
#include <...> search starts here:
 /usr/lib/gcc/x86_64-w64-mingw32/10.2.0/../../../../x86_64-w64-mingw32/include/c++/10.2.0
 /usr/lib/gcc/x86_64-w64-mingw32/10.2.0/../../../../x86_64-w64-mingw32/include/c++/10.2.0/x86_64-w64-mingw32
 /usr/lib/gcc/x86_64-w64-mingw32/10.2.0/../../../../x86_64-w64-mingw32/include/c++/10.2.0/backward
 /usr/lib/gcc/x86_64-w64-mingw32/10.2.0/include
 /usr/lib/gcc/x86_64-w64-mingw32/10.2.0/include-fixed
 /usr/lib/gcc/x86_64-w64-mingw32/10.2.0/../../../../x86_64-w64-mingw32/include
End of search list.
GNU C++14 (GCC) version 10.2.0 (x86_64-w64-mingw32)
	compiled by GNU C version 10.2.0, GMP version 6.2.0, MPFR version 4.1.0, MPC version 1.1.0, isl version isl-0.21-GMP

warning: GMP header version 6.2.0 differs from library version 6.2.1.
warning: MPC header version 1.1.0 differs from library version 1.2.1.
GGC heuristics: --param ggc-min-expand=100 --param ggc-min-heapsize=131072
Compiler executable checksum: 40d471329f26caf49a555a1ef79dde5a
COMPILER_PATH=/usr/lib/gcc/x86_64-w64-mingw32/10.2.0/:/usr/lib/gcc/x86_64-w64-mingw32/10.2.0/:/usr/lib/gcc/x86_64-w64-mingw32/:/usr/lib/gcc/x86_64-w64-mingw32/10.2.0/:/usr/lib/gcc/x86_64-w64-mingw32/:/usr/lib/gcc/x86_64-w64-mingw32/10.2.0/../../../../x86_64-w64-mingw32/bin/
LIBRARY_PATH=/usr/lib/gcc/x86_64-w64-mingw32/10.2.0/:/usr/lib/gcc/x86_64-w64-mingw32/10.2.0/../../../../x86_64-w64-mingw32/lib/../lib/:/usr/lib/gcc/x86_64-w64-mingw32/10.2.0/../../../../x86_64-w64-mingw32/lib/
COLLECT_GCC_OPTIONS='-D' '_FORTIFY_SOURCE=2' '-D' '_FORTIFY_SOURCE=2' '-O2' '-pipe' '-fno-plt' '-fexceptions' '--param=ssp-buffer-size=4' '-v' '-o' 'CMakeFiles/cmTC_1c512.dir/CMakeCXXCompilerABI.cpp.obj' '-c' '-shared-libgcc' '-mtune=generic' '-march=x86-64'
Linking CXX executable cmTC_1c512.exe
/usr/bin/cmake -E cmake_link_script CMakeFiles/cmTC_1c512.dir/link.txt --verbose=1
/usr/bin/cmake -E rm -f CMakeFiles/cmTC_1c512.dir/objects.a
/usr/sbin/x86_64-w64-mingw32-ar cr CMakeFiles/cmTC_1c512.dir/objects.a @CMakeFiles/cmTC_1c512.dir/objects1.rsp
/usr/sbin/x86_64-w64-mingw32-g++ -D_FORTIFY_SOURCE=2  -D_FORTIFY_SOURCE=2 -O2 -pipe -fno-plt -fexceptions --param=ssp-buffer-size=4  -Wl,-O1,--sort-common,--as-needed -fstack-protector -v -Wl,--whole-archive CMakeFiles/cmTC_1c512.dir/objects.a -Wl,--no-whole-archive -o cmTC_1c512.exe -Wl,--out-implib,libcmTC_1c512.dll.a -Wl,--major-image-version,0,--minor-image-version,0 
Using built-in specs.
COLLECT_GCC=/usr/sbin/x86_64-w64-mingw32-g++
COLLECT_LTO_WRAPPER=/usr/lib/gcc/x86_64-w64-mingw32/10.2.0/lto-wrapper
Target: x86_64-w64-mingw32
Configured with: /build/mingw-w64-gcc/src/gcc/configure --prefix=/usr --libexecdir=/usr/lib --target=x86_64-w64-mingw32 --with-bugurl=https://bugs.archlinux.org/ --enable-languages=c,lto,c++,ada,objc,obj-c++,fortran --enable-shared --enable-static --enable-threads=posix --enable-fully-dynamic-string --enable-libstdcxx-time=yes --enable-libstdcxx-filesystem-ts=yes --with-system-zlib --enable-cloog-backend=isl --enable-lto --enable-libgomp --disable-multilib --enable-checking=release --disable-sjlj-exceptions --with-dwarf2
Thread model: posix
Supported LTO compression algorithms: zlib zstd
gcc version 10.2.0 (GCC) 
COMPILER_PATH=/usr/lib/gcc/x86_64-w64-mingw32/10.2.0/:/usr/lib/gcc/x86_64-w64-mingw32/10.2.0/:/usr/lib/gcc/x86_64-w64-mingw32/:/usr/lib/gcc/x86_64-w64-mingw32/10.2.0/:/usr/lib/gcc/x86_64-w64-mingw32/:/usr/lib/gcc/x86_64-w64-mingw32/10.2.0/../../../../x86_64-w64-mingw32/bin/
LIBRARY_PATH=/usr/lib/gcc/x86_64-w64-mingw32/10.2.0/:/usr/lib/gcc/x86_64-w64-mingw32/10.2.0/../../../../x86_64-w64-mingw32/lib/../lib/:/usr/lib/gcc/x86_64-w64-mingw32/10.2.0/../../../../x86_64-w64-mingw32/lib/
COLLECT_GCC_OPTIONS='-D' '_FORTIFY_SOURCE=2' '-D' '_FORTIFY_SOURCE=2' '-O2' '-pipe' '-fno-plt' '-fexceptions' '--param=ssp-buffer-size=4' '-fstack-protector' '-v' '-o' 'cmTC_1c512.exe' '-shared-libgcc' '-mtune=generic' '-march=x86-64'
 /usr/lib/gcc/x86_64-w64-mingw32/10.2.0/collect2 -plugin /usr/lib/gcc/x86_64-w64-mingw32/10.2.0/liblto_plugin.so -plugin-opt=/usr/lib/gcc/x86_64-w64-mingw32/10.2.0/lto-wrapper -plugin-opt=-fresolution=/tmp/cc3m5JpM.res -plugin-opt=-pass-through=-lmingw32 -plugin-opt=-pass-through=-lgcc_s -plugin-opt=-pass-through=-lgcc -plugin-opt=-pass-through=-lmoldname -plugin-opt=-pass-through=-lmingwex -plugin-opt=-pass-through=-lmsvcrt -plugin-opt=-pass-through=-lpthread -plugin-opt=-pass-through=-ladvapi32 -plugin-opt=-pass-through=-lshell32 -plugin-opt=-pass-through=-luser32 -plugin-opt=-pass-through=-lkernel32 -plugin-opt=-pass-through=-lmingw32 -plugin-opt=-pass-through=-lgcc_s -plugin-opt=-pass-through=-lgcc -plugin-opt=-pass-through=-lmoldname -plugin-opt=-pass-through=-lmingwex -plugin-opt=-pass-through=-lmsvcrt -m i386pep -Bdynamic -o cmTC_1c512.exe /usr/lib/gcc/x86_64-w64-mingw32/10.2.0/../../../../x86_64-w64-mingw32/lib/../lib/crt2.o /usr/lib/gcc/x86_64-w64-mingw32/10.2.0/crtbegin.o -L/usr/lib/gcc/x86_64-w64-mingw32/10.2.0 -L/usr/lib/gcc/x86_64-w64-mingw32/10.2.0/../../../../x86_64-w64-mingw32/lib/../lib -L/usr/lib/gcc/x86_64-w64-mingw32/10.2.0/../../../../x86_64-w64-mingw32/lib -O1 --sort-common --as-needed --whole-archive CMakeFiles/cmTC_1c512.dir/objects.a --no-whole-archive --out-implib libcmTC_1c512.dll.a --major-image-version 0 --minor-image-version 0 -lstdc++ -lssp_nonshared -lssp -lmingw32 -lgcc_s -lgcc -lmoldname -lmingwex -lmsvcrt -lpthread -ladvapi32 -lshell32 -luser32 -lkernel32 -lmingw32 -lgcc_s -lgcc -lmoldname -lmingwex -lmsvcrt /usr/lib/gcc/x86_64-w64-mingw32/10.2.0/crtend.o
COLLECT_GCC_OPTIONS='-D' '_FORTIFY_SOURCE=2' '-D' '_FORTIFY_SOURCE=2' '-O2' '-pipe' '-fno-plt' '-fexceptions' '--param=ssp-buffer-size=4' '-fstack-protector' '-v' '-o' 'cmTC_1c512.exe' '-shared-libgcc' '-mtune=generic' '-march=x86-64'
make[1]: Leaving directory '/home/user/mingwdocker/bind/rain-timer/winbuild/CMakeFiles/CMakeTmp'



Parsed CXX implicit include dir info from above output: rv=done
  found start of include info
  found start of implicit include info
    add: [/usr/lib/gcc/x86_64-w64-mingw32/10.2.0/../../../../x86_64-w64-mingw32/include/c++/10.2.0]
    add: [/usr/lib/gcc/x86_64-w64-mingw32/10.2.0/../../../../x86_64-w64-mingw32/include/c++/10.2.0/x86_64-w64-mingw32]
    add: [/usr/lib/gcc/x86_64-w64-mingw32/10.2.0/../../../../x86_64-w64-mingw32/include/c++/10.2.0/backward]
    add: [/usr/lib/gcc/x86_64-w64-mingw32/10.2.0/include]
    add: [/usr/lib/gcc/x86_64-w64-mingw32/10.2.0/include-fixed]
    add: [/usr/lib/gcc/x86_64-w64-mingw32/10.2.0/../../../../x86_64-w64-mingw32/include]
  end of search list found
  collapse include dir [/usr/lib/gcc/x86_64-w64-mingw32/10.2.0/../../../../x86_64-w64-mingw32/include/c++/10.2.0] ==> [/usr/x86_64-w64-mingw32/include/c++/10.2.0]
  collapse include dir [/usr/lib/gcc/x86_64-w64-mingw32/10.2.0/../../../../x86_64-w64-mingw32/include/c++/10.2.0/x86_64-w64-mingw32] ==> [/usr/x86_64-w64-mingw32/include/c++/10.2.0/x86_64-w64-mingw32]
  collapse include dir [/usr/lib/gcc/x86_64-w64-mingw32/10.2.0/../../../../x86_64-w64-mingw32/include/c++/10.2.0/backward] ==> [/usr/x86_64-w64-mingw32/include/c++/10.2.0/backward]
  collapse include dir [/usr/lib/gcc/x86_64-w64-mingw32/10.2.0/include] ==> [/usr/lib/gcc/x86_64-w64-mingw32/10.2.0/include]
  collapse include dir [/usr/lib/gcc/x86_64-w64-mingw32/10.2.0/include-fixed] ==> [/usr/lib/gcc/x86_64-w64-mingw32/10.2.0/include-fixed]
  collapse include dir [/usr/lib/gcc/x86_64-w64-mingw32/10.2.0/../../../../x86_64-w64-mingw32/include] ==> [/usr/x86_64-w64-mingw32/include]
  implicit include dirs: [/usr/x86_64-w64-mingw32/include/c++/10.2.0;/usr/x86_64-w64-mingw32/include/c++/10.2.0/x86_64-w64-mingw32;/usr/x86_64-w64-mingw32/include/c++/10.2.0/backward;/usr/lib/gcc/x86_64-w64-mingw32/10.2.0/include;/usr/lib/gcc/x86_64-w64-mingw32/10.2.0/include-fixed;/usr/x86_64-w64-mingw32/include]


Parsed CXX implicit link information from above output:
  link line regex: [^( *|.*[/\])(x86_64-w64-mingw32-ld|CMAKE_LINK_STARTFILE-NOTFOUND|([^/\]+-)?ld|collect2)[^/\]*( |$)]
  ignore line: [Change Dir: /home/user/mingwdocker/bind/rain-timer/winbuild/CMakeFiles/CMakeTmp]
  ignore line: []
  ignore line: [Run Build Command(s):/usr/sbin/make cmTC_1c512/fast && /usr/sbin/make  -f CMakeFiles/cmTC_1c512.dir/build.make CMakeFiles/cmTC_1c512.dir/build]
  ignore line: [make[1]: Entering directory '/home/user/mingwdocker/bind/rain-timer/winbuild/CMakeFiles/CMakeTmp']
  ignore line: [Building CXX object CMakeFiles/cmTC_1c512.dir/CMakeCXXCompilerABI.cpp.obj]
  ignore line: [/usr/sbin/x86_64-w64-mingw32-g++   -D_FORTIFY_SOURCE=2  -D_FORTIFY_SOURCE=2 -O2 -pipe -fno-plt -fexceptions --param=ssp-buffer-size=4    -v -o CMakeFiles/cmTC_1c512.dir/CMakeCXXCompilerABI.cpp.obj -c /usr/share/cmake-3.19/Modules/CMakeCXXCompilerABI.cpp]
  ignore line: [Using built-in specs.]
  ignore line: [COLLECT_GCC=/usr/sbin/x86_64-w64-mingw32-g++]
  ignore line: [Target: x86_64-w64-mingw32]
  ignore line: [Configured with: /build/mingw-w64-gcc/src/gcc/configure --prefix=/usr --libexecdir=/usr/lib --target=x86_64-w64-mingw32 --with-bugurl=https://bugs.archlinux.org/ --enable-languages=c lto c++ ada objc obj-c++ fortran --enable-shared --enable-static --enable-threads=posix --enable-fully-dynamic-string --enable-libstdcxx-time=yes --enable-libstdcxx-filesystem-ts=yes --with-system-zlib --enable-cloog-backend=isl --enable-lto --enable-libgomp --disable-multilib --enable-checking=release --disable-sjlj-exceptions --with-dwarf2]
  ignore line: [Thread model: posix]
  ignore line: [Supported LTO compression algorithms: zlib zstd]
  ignore line: [gcc version 10.2.0 (GCC) ]
  ignore line: [COLLECT_GCC_OPTIONS='-D' '_FORTIFY_SOURCE=2' '-D' '_FORTIFY_SOURCE=2' '-O2' '-pipe' '-fno-plt' '-fexceptions' '--param=ssp-buffer-size=4' '-v' '-o' 'CMakeFiles/cmTC_1c512.dir/CMakeCXXCompilerABI.cpp.obj' '-c' '-shared-libgcc' '-mtune=generic' '-march=x86-64']
  ignore line: [ /usr/lib/gcc/x86_64-w64-mingw32/10.2.0/cc1plus -quiet -v -D_REENTRANT -D _FORTIFY_SOURCE=2 -D _FORTIFY_SOURCE=2 /usr/share/cmake-3.19/Modules/CMakeCXXCompilerABI.cpp -quiet -dumpbase CMakeCXXCompilerABI.cpp -mtune=generic -march=x86-64 -auxbase-strip CMakeFiles/cmTC_1c512.dir/CMakeCXXCompilerABI.cpp.obj -O2 -version -fno-plt -fexceptions --param=ssp-buffer-size=4 -o - |]
  ignore line: [ /usr/lib/gcc/x86_64-w64-mingw32/10.2.0/../../../../x86_64-w64-mingw32/bin/as -v -o CMakeFiles/cmTC_1c512.dir/CMakeCXXCompilerABI.cpp.obj]
  ignore line: [GNU assembler version 2.35.1 (x86_64-w64-mingw32) using BFD version (GNU Binutils) 2.35.1]
  ignore line: [GNU C++14 (GCC) version 10.2.0 (x86_64-w64-mingw32)]
  ignore line: [	compiled by GNU C version 10.2.0  GMP version 6.2.0  MPFR version 4.1.0  MPC version 1.1.0  isl version isl-0.21-GMP]
  ignore line: []
  ignore line: [warning: GMP header version 6.2.0 differs from library version 6.2.1.]
  ignore line: [warning: MPC header version 1.1.0 differs from library version 1.2.1.]
  ignore line: [GGC heuristics: --param ggc-min-expand=100 --param ggc-min-heapsize=131072]
  ignore line: [ignoring nonexistent directory "/usr/lib/gcc/x86_64-w64-mingw32/10.2.0/../../../../x86_64-w64-mingw32/sys-include"]
  ignore line: [#include "..." search starts here:]
  ignore line: [#include <...> search starts here:]
  ignore line: [ /usr/lib/gcc/x86_64-w64-mingw32/10.2.0/../../../../x86_64-w64-mingw32/include/c++/10.2.0]
  ignore line: [ /usr/lib/gcc/x86_64-w64-mingw32/10.2.0/../../../../x86_64-w64-mingw32/include/c++/10.2.0/x86_64-w64-mingw32]
  ignore line: [ /usr/lib/gcc/x86_64-w64-mingw32/10.2.0/../../../../x86_64-w64-mingw32/include/c++/10.2.0/backward]
  ignore line: [ /usr/lib/gcc/x86_64-w64-mingw32/10.2.0/include]
  ignore line: [ /usr/lib/gcc/x86_64-w64-mingw32/10.2.0/include-fixed]
  ignore line: [ /usr/lib/gcc/x86_64-w64-mingw32/10.2.0/../../../../x86_64-w64-mingw32/include]
  ignore line: [End of search list.]
  ignore line: [GNU C++14 (GCC) version 10.2.0 (x86_64-w64-mingw32)]
  ignore line: [	compiled by GNU C version 10.2.0  GMP version 6.2.0  MPFR version 4.1.0  MPC version 1.1.0  isl version isl-0.21-GMP]
  ignore line: []
  ignore line: [warning: GMP header version 6.2.0 differs from library version 6.2.1.]
  ignore line: [warning: MPC header version 1.1.0 differs from library version 1.2.1.]
  ignore line: [GGC heuristics: --param ggc-min-expand=100 --param ggc-min-heapsize=131072]
  ignore line: [Compiler executable checksum: 40d471329f26caf49a555a1ef79dde5a]
  ignore line: [COMPILER_PATH=/usr/lib/gcc/x86_64-w64-mingw32/10.2.0/:/usr/lib/gcc/x86_64-w64-mingw32/10.2.0/:/usr/lib/gcc/x86_64-w64-mingw32/:/usr/lib/gcc/x86_64-w64-mingw32/10.2.0/:/usr/lib/gcc/x86_64-w64-mingw32/:/usr/lib/gcc/x86_64-w64-mingw32/10.2.0/../../../../x86_64-w64-mingw32/bin/]
  ignore line: [LIBRARY_PATH=/usr/lib/gcc/x86_64-w64-mingw32/10.2.0/:/usr/lib/gcc/x86_64-w64-mingw32/10.2.0/../../../../x86_64-w64-mingw32/lib/../lib/:/usr/lib/gcc/x86_64-w64-mingw32/10.2.0/../../../../x86_64-w64-mingw32/lib/]
  ignore line: [COLLECT_GCC_OPTIONS='-D' '_FORTIFY_SOURCE=2' '-D' '_FORTIFY_SOURCE=2' '-O2' '-pipe' '-fno-plt' '-fexceptions' '--param=ssp-buffer-size=4' '-v' '-o' 'CMakeFiles/cmTC_1c512.dir/CMakeCXXCompilerABI.cpp.obj' '-c' '-shared-libgcc' '-mtune=generic' '-march=x86-64']
  ignore line: [Linking CXX executable cmTC_1c512.exe]
  ignore line: [/usr/bin/cmake -E cmake_link_script CMakeFiles/cmTC_1c512.dir/link.txt --verbose=1]
  ignore line: [/usr/bin/cmake -E rm -f CMakeFiles/cmTC_1c512.dir/objects.a]
  ignore line: [/usr/sbin/x86_64-w64-mingw32-ar cr CMakeFiles/cmTC_1c512.dir/objects.a @CMakeFiles/cmTC_1c512.dir/objects1.rsp]
  ignore line: [/usr/sbin/x86_64-w64-mingw32-g++ -D_FORTIFY_SOURCE=2  -D_FORTIFY_SOURCE=2 -O2 -pipe -fno-plt -fexceptions --param=ssp-buffer-size=4  -Wl -O1 --sort-common --as-needed -fstack-protector -v -Wl --whole-archive CMakeFiles/cmTC_1c512.dir/objects.a -Wl --no-whole-archive -o cmTC_1c512.exe -Wl --out-implib libcmTC_1c512.dll.a -Wl --major-image-version 0 --minor-image-version 0 ]
  ignore line: [Using built-in specs.]
  ignore line: [COLLECT_GCC=/usr/sbin/x86_64-w64-mingw32-g++]
  ignore line: [COLLECT_LTO_WRAPPER=/usr/lib/gcc/x86_64-w64-mingw32/10.2.0/lto-wrapper]
  ignore line: [Target: x86_64-w64-mingw32]
  ignore line: [Configured with: /build/mingw-w64-gcc/src/gcc/configure --prefix=/usr --libexecdir=/usr/lib --target=x86_64-w64-mingw32 --with-bugurl=https://bugs.archlinux.org/ --enable-languages=c lto c++ ada objc obj-c++ fortran --enable-shared --enable-static --enable-threads=posix --enable-fully-dynamic-string --enable-libstdcxx-time=yes --enable-libstdcxx-filesystem-ts=yes --with-system-zlib --enable-cloog-backend=isl --enable-lto --enable-libgomp --disable-multilib --enable-checking=release --disable-sjlj-exceptions --with-dwarf2]
  ignore line: [Thread model: posix]
  ignore line: [Supported LTO compression algorithms: zlib zstd]
  ignore line: [gcc version 10.2.0 (GCC) ]
  ignore line: [COMPILER_PATH=/usr/lib/gcc/x86_64-w64-mingw32/10.2.0/:/usr/lib/gcc/x86_64-w64-mingw32/10.2.0/:/usr/lib/gcc/x86_64-w64-mingw32/:/usr/lib/gcc/x86_64-w64-mingw32/10.2.0/:/usr/lib/gcc/x86_64-w64-mingw32/:/usr/lib/gcc/x86_64-w64-mingw32/10.2.0/../../../../x86_64-w64-mingw32/bin/]
  ignore line: [LIBRARY_PATH=/usr/lib/gcc/x86_64-w64-mingw32/10.2.0/:/usr/lib/gcc/x86_64-w64-mingw32/10.2.0/../../../../x86_64-w64-mingw32/lib/../lib/:/usr/lib/gcc/x86_64-w64-mingw32/10.2.0/../../../../x86_64-w64-mingw32/lib/]
  ignore line: [COLLECT_GCC_OPTIONS='-D' '_FORTIFY_SOURCE=2' '-D' '_FORTIFY_SOURCE=2' '-O2' '-pipe' '-fno-plt' '-fexceptions' '--param=ssp-buffer-size=4' '-fstack-protector' '-v' '-o' 'cmTC_1c512.exe' '-shared-libgcc' '-mtune=generic' '-march=x86-64']
  link line: [ /usr/lib/gcc/x86_64-w64-mingw32/10.2.0/collect2 -plugin /usr/lib/gcc/x86_64-w64-mingw32/10.2.0/liblto_plugin.so -plugin-opt=/usr/lib/gcc/x86_64-w64-mingw32/10.2.0/lto-wrapper -plugin-opt=-fresolution=/tmp/cc3m5JpM.res -plugin-opt=-pass-through=-lmingw32 -plugin-opt=-pass-through=-lgcc_s -plugin-opt=-pass-through=-lgcc -plugin-opt=-pass-through=-lmoldname -plugin-opt=-pass-through=-lmingwex -plugin-opt=-pass-through=-lmsvcrt -plugin-opt=-pass-through=-lpthread -plugin-opt=-pass-through=-ladvapi32 -plugin-opt=-pass-through=-lshell32 -plugin-opt=-pass-through=-luser32 -plugin-opt=-pass-through=-lkernel32 -plugin-opt=-pass-through=-lmingw32 -plugin-opt=-pass-through=-lgcc_s -plugin-opt=-pass-through=-lgcc -plugin-opt=-pass-through=-lmoldname -plugin-opt=-pass-through=-lmingwex -plugin-opt=-pass-through=-lmsvcrt -m i386pep -Bdynamic -o cmTC_1c512.exe /usr/lib/gcc/x86_64-w64-mingw32/10.2.0/../../../../x86_64-w64-mingw32/lib/../lib/crt2.o /usr/lib/gcc/x86_64-w64-mingw32/10.2.0/crtbegin.o -L/usr/lib/gcc/x86_64-w64-mingw32/10.2.0 -L/usr/lib/gcc/x86_64-w64-mingw32/10.2.0/../../../../x86_64-w64-mingw32/lib/../lib -L/usr/lib/gcc/x86_64-w64-mingw32/10.2.0/../../../../x86_64-w64-mingw32/lib -O1 --sort-common --as-needed --whole-archive CMakeFiles/cmTC_1c512.dir/objects.a --no-whole-archive --out-implib libcmTC_1c512.dll.a --major-image-version 0 --minor-image-version 0 -lstdc++ -lssp_nonshared -lssp -lmingw32 -lgcc_s -lgcc -lmoldname -lmingwex -lmsvcrt -lpthread -ladvapi32 -lshell32 -luser32 -lkernel32 -lmingw32 -lgcc_s -lgcc -lmoldname -lmingwex -lmsvcrt /usr/lib/gcc/x86_64-w64-mingw32/10.2.0/crtend.o]
    arg [/usr/lib/gcc/x86_64-w64-mingw32/10.2.0/collect2] ==> ignore
    arg [-plugin] ==> ignore
    arg [/usr/lib/gcc/x86_64-w64-mingw32/10.2.0/liblto_plugin.so] ==> ignore
    arg [-plugin-opt=/usr/lib/gcc/x86_64-w64-mingw32/10.2.0/lto-wrapper] ==> ignore
    arg [-plugin-opt=-fresolution=/tmp/cc3m5JpM.res] ==> ignore
    arg [-plugin-opt=-pass-through=-lmingw32] ==> ignore
    arg [-plugin-opt=-pass-through=-lgcc_s] ==> ignore
    arg [-plugin-opt=-pass-through=-lgcc] ==> ignore
    arg [-plugin-opt=-pass-through=-lmoldname] ==> ignore
    arg [-plugin-opt=-pass-through=-lmingwex] ==> ignore
    arg [-plugin-opt=-pass-through=-lmsvcrt] ==> ignore
    arg [-plugin-opt=-pass-through=-lpthread] ==> ignore
    arg [-plugin-opt=-pass-through=-ladvapi32] ==> ignore
    arg [-plugin-opt=-pass-through=-lshell32] ==> ignore
    arg [-plugin-opt=-pass-through=-luser32] ==> ignore
    arg [-plugin-opt=-pass-through=-lkernel32] ==> ignore
    arg [-plugin-opt=-pass-through=-lmingw32] ==> ignore
    arg [-plugin-opt=-pass-through=-lgcc_s] ==> ignore
    arg [-plugin-opt=-pass-through=-lgcc] ==> ignore
    arg [-plugin-opt=-pass-through=-lmoldname] ==> ignore
    arg [-plugin-opt=-pass-through=-lmingwex] ==> ignore
    arg [-plugin-opt=-pass-through=-lmsvcrt] ==> ignore
    arg [-m] ==> ignore
    arg [i386pep] ==> ignore
    arg [-Bdynamic] ==> ignore
    arg [-o] ==> ignore
    arg [cmTC_1c512.exe] ==> ignore
    arg [/usr/lib/gcc/x86_64-w64-mingw32/10.2.0/../../../../x86_64-w64-mingw32/lib/../lib/crt2.o] ==> ignore
    arg [/usr/lib/gcc/x86_64-w64-mingw32/10.2.0/crtbegin.o] ==> ignore
    arg [-L/usr/lib/gcc/x86_64-w64-mingw32/10.2.0] ==> dir [/usr/lib/gcc/x86_64-w64-mingw32/10.2.0]
    arg [-L/usr/lib/gcc/x86_64-w64-mingw32/10.2.0/../../../../x86_64-w64-mingw32/lib/../lib] ==> dir [/usr/lib/gcc/x86_64-w64-mingw32/10.2.0/../../../../x86_64-w64-mingw32/lib/../lib]
    arg [-L/usr/lib/gcc/x86_64-w64-mingw32/10.2.0/../../../../x86_64-w64-mingw32/lib] ==> dir [/usr/lib/gcc/x86_64-w64-mingw32/10.2.0/../../../../x86_64-w64-mingw32/lib]
    arg [-O1] ==> ignore
    arg [--sort-common] ==> ignore
    arg [--as-needed] ==> ignore
    arg [--whole-archive] ==> ignore
    arg [CMakeFiles/cmTC_1c512.dir/objects.a] ==> ignore
    arg [--no-whole-archive] ==> ignore
    arg [--out-implib] ==> ignore
    arg [libcmTC_1c512.dll.a] ==> ignore
    arg [--major-image-version] ==> ignore
    arg [0] ==> ignore
    arg [--minor-image-version] ==> ignore
    arg [0] ==> ignore
    arg [-lstdc++] ==> lib [stdc++]
    arg [-lssp_nonshared] ==> lib [ssp_nonshared]
    arg [-lssp] ==> lib [ssp]
    arg [-lmingw32] ==> lib [mingw32]
    arg [-lgcc_s] ==> lib [gcc_s]
    arg [-lgcc] ==> lib [gcc]
    arg [-lmoldname] ==> lib [moldname]
    arg [-lmingwex] ==> lib [mingwex]
    arg [-lmsvcrt] ==> lib [msvcrt]
    arg [-lpthread] ==> lib [pthread]
    arg [-ladvapi32] ==> lib [advapi32]
    arg [-lshell32] ==> lib [shell32]
    arg [-luser32] ==> lib [user32]
    arg [-lkernel32] ==> lib [kernel32]
    arg [-lmingw32] ==> lib [mingw32]
    arg [-lgcc_s] ==> lib [gcc_s]
    arg [-lgcc] ==> lib [gcc]
    arg [-lmoldname] ==> lib [moldname]
    arg [-lmingwex] ==> lib [mingwex]
    arg [-lmsvcrt] ==> lib [msvcrt]
    arg [/usr/lib/gcc/x86_64-w64-mingw32/10.2.0/crtend.o] ==> ignore
  remove lib [msvcrt]
  remove lib [msvcrt]
  collapse library dir [/usr/lib/gcc/x86_64-w64-mingw32/10.2.0] ==> [/usr/lib/gcc/x86_64-w64-mingw32/10.2.0]
  collapse library dir [/usr/lib/gcc/x86_64-w64-mingw32/10.2.0/../../../../x86_64-w64-mingw32/lib/../lib] ==> [/usr/x86_64-w64-mingw32/lib]
  collapse library dir [/usr/lib/gcc/x86_64-w64-mingw32/10.2.0/../../../../x86_64-w64-mingw32/lib] ==> [/usr/x86_64-w64-mingw32/lib]
  implicit libs: [stdc++;ssp_nonshared;ssp;mingw32;gcc_s;gcc;moldname;mingwex;pthread;advapi32;shell32;user32;kernel32;mingw32;gcc_s;gcc;moldname;mingwex]
  implicit dirs: [/usr/lib/gcc/x86_64-w64-mingw32/10.2.0;/usr/x86_64-w64-mingw32/lib]
  implicit fwks: []


